
WARNING: apt does not have a stable CLI interface. Use with caution in scripts.


WARNING: apt does not have a stable CLI interface. Use with caution in scripts.

debconf: delaying package configuration, since apt-utils is not installed
--2023-08-21 06:41:32--  https://github.com/plantuml/plantuml/releases/download/v1.2023.10/plantuml-1.2023.10.jar
Resolving github.com (github.com)... 140.82.121.4
Connecting to github.com (github.com)|140.82.121.4|:443... connected.
HTTP request sent, awaiting response... 302 Found
Location: https://objects.githubusercontent.com/github-production-release-asset-2e65be/1051476/af098241-70b7-401c-87b7-3b68dd076e04?X-Amz-Algorithm=AWS4-HMAC-SHA256&X-Amz-Credential=AKIAIWNJYAX4CSVEH53A%2F20230821%2Fus-east-1%2Fs3%2Faws4_request&X-Amz-Date=20230821T064132Z&X-Amz-Expires=300&X-Amz-Signature=2eebdc0378c3da1f029c5a6104990a422cb8c4cd982ecb3659d45585fe399d48&X-Amz-SignedHeaders=host&actor_id=0&key_id=0&repo_id=1051476&response-content-disposition=attachment%3B%20filename%3Dplantuml-1.2023.10.jar&response-content-type=application%2Foctet-stream [following]
--2023-08-21 06:41:32--  https://objects.githubusercontent.com/github-production-release-asset-2e65be/1051476/af098241-70b7-401c-87b7-3b68dd076e04?X-Amz-Algorithm=AWS4-HMAC-SHA256&X-Amz-Credential=AKIAIWNJYAX4CSVEH53A%2F20230821%2Fus-east-1%2Fs3%2Faws4_request&X-Amz-Date=20230821T064132Z&X-Amz-Expires=300&X-Amz-Signature=2eebdc0378c3da1f029c5a6104990a422cb8c4cd982ecb3659d45585fe399d48&X-Amz-SignedHeaders=host&actor_id=0&key_id=0&repo_id=1051476&response-content-disposition=attachment%3B%20filename%3Dplantuml-1.2023.10.jar&response-content-type=application%2Foctet-stream
Resolving objects.githubusercontent.com (objects.githubusercontent.com)... 185.199.108.133, 185.199.109.133, 185.199.110.133, ...
Connecting to objects.githubusercontent.com (objects.githubusercontent.com)|185.199.108.133|:443... connected.
HTTP request sent, awaiting response... 200 OK
Length: 11565517 (11M) [application/octet-stream]
Saving to: ‘/usr/local/bin/plantuml.jar’

     0K .......... .......... .......... .......... ..........  0% 4.79M 2s
    50K .......... .......... .......... .......... ..........  0% 5.05M 2s
   100K .......... .......... .......... .......... ..........  1% 23.5M 2s
   150K .......... .......... .......... .......... ..........  1% 28.1M 1s
   200K .......... .......... .......... .......... ..........  2% 8.50M 1s
   250K .......... .......... .......... .......... ..........  2% 31.6M 1s
   300K .......... .......... .......... .......... ..........  3% 61.9M 1s
   350K .......... .......... .......... .......... ..........  3% 35.3M 1s
   400K .......... .......... .......... .......... ..........  3% 37.4M 1s
   450K .......... .......... .......... .......... ..........  4% 9.56M 1s
   500K .......... .......... .......... .......... ..........  4%  200M 1s
   550K .......... .......... .......... .......... ..........  5% 50.7M 1s
   600K .......... .......... .......... .......... ..........  5% 68.7M 1s
   650K .......... .......... .......... .......... ..........  6% 39.7M 1s
   700K .......... .......... .......... .......... ..........  6%  231M 1s
   750K .......... .......... .......... .......... ..........  7%  211M 1s
   800K .......... .......... .......... .......... ..........  7% 86.2M 1s
   850K .......... .......... .......... .......... ..........  7% 57.6M 1s
   900K .......... .......... .......... .......... ..........  8%  182M 0s
   950K .......... .......... .......... .......... ..........  8%  185M 0s
  1000K .......... .......... .......... .......... ..........  9% 13.6M 0s
  1050K .......... .......... .......... .......... ..........  9% 40.4M 0s
  1100K .......... .......... .......... .......... .......... 10% 84.6M 0s
  1150K .......... .......... .......... .......... .......... 10%  223M 0s
  1200K .......... .......... .......... .......... .......... 11%  233M 0s
  1250K .......... .......... .......... .......... .......... 11% 92.2M 0s
  1300K .......... .......... .......... .......... .......... 11%  173M 0s
  1350K .......... .......... .......... .......... .......... 12% 83.9M 0s
  1400K .......... .......... .......... .......... .......... 12% 2.04M 1s
  1450K .......... .......... .......... .......... .......... 13% 29.1M 1s
  1500K .......... .......... .......... .......... .......... 13% 87.9M 0s
  1550K .......... .......... .......... .......... .......... 14% 25.6M 0s
  1600K .......... .......... .......... .......... .......... 14% 48.5M 0s
  1650K .......... .......... .......... .......... .......... 15% 42.8M 0s
  1700K .......... .......... .......... .......... .......... 15% 28.3M 0s
  1750K .......... .......... .......... .......... .......... 15%  140M 0s
  1800K .......... .......... .......... .......... .......... 16% 34.9M 0s
  1850K .......... .......... .......... .......... .......... 16% 44.8M 0s
  1900K .......... .......... .......... .......... .......... 17% 52.4M 0s
  1950K .......... .......... .......... .......... .......... 17% 42.9M 0s
  2000K .......... .......... .......... .......... .......... 18% 40.7M 0s
  2050K .......... .......... .......... .......... .......... 18% 95.9M 0s
  2100K .......... .......... .......... .......... .......... 19% 14.5M 0s
  2150K .......... .......... .......... .......... .......... 19%  191M 0s
  2200K .......... .......... .......... .......... .......... 19%  203M 0s
  2250K .......... .......... .......... .......... .......... 20%  252M 0s
  2300K .......... .......... .......... .......... .......... 20% 40.5M 0s
  2350K .......... .......... .......... .......... .......... 21% 30.4M 0s
  2400K .......... .......... .......... .......... .......... 21%  234M 0s
  2450K .......... .......... .......... .......... .......... 22%  146M 0s
  2500K .......... .......... .......... .......... .......... 22%  105M 0s
  2550K .......... .......... .......... .......... .......... 23% 45.7M 0s
  2600K .......... .......... .......... .......... .......... 23% 45.6M 0s
  2650K .......... .......... .......... .......... .......... 23% 57.2M 0s
  2700K .......... .......... .......... .......... .......... 24%  128M 0s
  2750K .......... .......... .......... .......... .......... 24% 60.2M 0s
  2800K .......... .......... .......... .......... .......... 25% 32.8M 0s
  2850K .......... .......... .......... .......... .......... 25%  189M 0s
  2900K .......... .......... .......... .......... .......... 26% 58.4M 0s
  2950K .......... .......... .......... .......... .......... 26%  143M 0s
  3000K .......... .......... .......... .......... .......... 27% 47.3M 0s
  3050K .......... .......... .......... .......... .......... 27% 59.9M 0s
  3100K .......... .......... .......... .......... .......... 27% 36.8M 0s
  3150K .......... .......... .......... .......... .......... 28%  235M 0s
  3200K .......... .......... .......... .......... .......... 28%  113M 0s
  3250K .......... .......... .......... .......... .......... 29% 56.3M 0s
  3300K .......... .......... .......... .......... .......... 29% 61.3M 0s
  3350K .......... .......... .......... .......... .......... 30% 53.3M 0s
  3400K .......... .......... .......... .......... .......... 30%  230M 0s
  3450K .......... .......... .......... .......... .......... 30% 79.4M 0s
  3500K .......... .......... .......... .......... .......... 31% 7.73M 0s
  3550K .......... .......... .......... .......... .......... 31%  102M 0s
  3600K .......... .......... .......... .......... .......... 32%  231M 0s
  3650K .......... .......... .......... .......... .......... 32%  237M 0s
  3700K .......... .......... .......... .......... .......... 33%  169M 0s
  3750K .......... .......... .......... .......... .......... 33%  279M 0s
  3800K .......... .......... .......... .......... .......... 34%  150M 0s
  3850K .......... .......... .......... .......... .......... 34%  246M 0s
  3900K .......... .......... .......... .......... .......... 34%  206M 0s
  3950K .......... .......... .......... .......... .......... 35%  248M 0s
  4000K .......... .......... .......... .......... .......... 35%  197M 0s
  4050K .......... .......... .......... .......... .......... 36%  214M 0s
  4100K .......... .......... .......... .......... .......... 36%  186M 0s
  4150K .......... .......... .......... .......... .......... 37% 39.2M 0s
  4200K .......... .......... .......... .......... .......... 37% 1.74M 0s
  4250K .......... .......... .......... .......... .......... 38% 86.8M 0s
  4300K .......... .......... .......... .......... .......... 38% 78.9M 0s
  4350K .......... .......... .......... .......... .......... 38%  150M 0s
  4400K .......... .......... .......... .......... .......... 39% 44.7M 0s
  4450K .......... .......... .......... .......... .......... 39%  120M 0s
  4500K .......... .......... .......... .......... .......... 40% 42.7M 0s
  4550K .......... .......... .......... .......... .......... 40%  221M 0s
  4600K .......... .......... .......... .......... .......... 41% 63.9M 0s
  4650K .......... .......... .......... .......... .......... 41%  179M 0s
  4700K .......... .......... .......... .......... .......... 42% 54.2M 0s
  4750K .......... .......... .......... .......... .......... 42%  114M 0s
  4800K .......... .......... .......... .......... .......... 42% 42.8M 0s
  4850K .......... .......... .......... .......... .......... 43%  211M 0s
  4900K .......... .......... .......... .......... .......... 43% 96.7M 0s
  4950K .......... .......... .......... .......... .......... 44% 75.7M 0s
  5000K .......... .......... .......... .......... .......... 44% 64.5M 0s
  5050K .......... .......... .......... .......... .......... 45%  137M 0s
  5100K .......... .......... .......... .......... .......... 45%  125M 0s
  5150K .......... .......... .......... .......... .......... 46%  101M 0s
  5200K .......... .......... .......... .......... .......... 46% 59.5M 0s
  5250K .......... .......... .......... .......... .......... 46% 52.0M 0s
  5300K .......... .......... .......... .......... .......... 47%  164M 0s
  5350K .......... .......... .......... .......... .......... 47% 64.8M 0s
  5400K .......... .......... .......... .......... .......... 48% 63.6M 0s
  5450K .......... .......... .......... .......... .......... 48%  232M 0s
  5500K .......... .......... .......... .......... .......... 49% 56.8M 0s
  5550K .......... .......... .......... .......... .......... 49%  214M 0s
  5600K .......... .......... .......... .......... .......... 50%  156M 0s
  5650K .......... .......... .......... .......... .......... 50% 66.1M 0s
  5700K .......... .......... .......... .......... .......... 50%  247M 0s
  5750K .......... .......... .......... .......... .......... 51% 72.6M 0s
  5800K .......... .......... .......... .......... .......... 51%  119M 0s
  5850K .......... .......... .......... .......... .......... 52% 90.6M 0s
  5900K .......... .......... .......... .......... .......... 52% 60.2M 0s
  5950K .......... .......... .......... .......... .......... 53%  206M 0s
  6000K .......... .......... .......... .......... .......... 53% 72.5M 0s
  6050K .......... .......... .......... .......... .......... 54%  225M 0s
  6100K .......... .......... .......... .......... .......... 54% 65.0M 0s
  6150K .......... .......... .......... .......... .......... 54% 70.9M 0s
  6200K .......... .......... .......... .......... .......... 55%  104M 0s
  6250K .......... .......... .......... .......... .......... 55%  223M 0s
  6300K .......... .......... .......... .......... .......... 56% 83.1M 0s
  6350K .......... .......... .......... .......... .......... 56%  193M 0s
  6400K .......... .......... .......... .......... .......... 57% 90.6M 0s
  6450K .......... .......... .......... .......... .......... 57%  162M 0s
  6500K .......... .......... .......... .......... .......... 57% 74.5M 0s
  6550K .......... .......... .......... .......... .......... 58% 59.8M 0s
  6600K .......... .......... .......... .......... .......... 58%  154M 0s
  6650K .......... .......... .......... .......... .......... 59%  218M 0s
  6700K .......... .......... .......... .......... .......... 59% 66.8M 0s
  6750K .......... .......... .......... .......... .......... 60%  187M 0s
  6800K .......... .......... .......... .......... .......... 60% 92.1M 0s
  6850K .......... .......... .......... .......... .......... 61% 67.5M 0s
  6900K .......... .......... .......... .......... .......... 61% 84.6M 0s
  6950K .......... .......... .......... .......... .......... 61%  232M 0s
  7000K .......... .......... .......... .......... .......... 62%  154M 0s
  7050K .......... .......... .......... .......... .......... 62%  120M 0s
  7100K .......... .......... .......... .......... .......... 63% 59.9M 0s
  7150K .......... .......... .......... .......... .......... 63%  111M 0s
  7200K .......... .......... .......... .......... .......... 64%  120M 0s
  7250K .......... .......... .......... .......... .......... 64% 41.9M 0s
  7300K .......... .......... .......... .......... .......... 65%  127M 0s
  7350K .......... .......... .......... .......... .......... 65% 47.3M 0s
  7400K .......... .......... .......... .......... .......... 65%  121M 0s
  7450K .......... .......... .......... .......... .......... 66%  106M 0s
  7500K .......... .......... .......... .......... .......... 66% 62.4M 0s
  7550K .......... .......... .......... .......... .......... 67% 35.7M 0s
  7600K .......... .......... .......... .......... .......... 67% 63.3M 0s
  7650K .......... .......... .......... .......... .......... 68% 97.6M 0s
  7700K .......... .......... .......... .......... .......... 68%  193M 0s
  7750K .......... .......... .......... .......... .......... 69% 92.2M 0s
  7800K .......... .......... .......... .......... .......... 69% 41.0M 0s
  7850K .......... .......... .......... .......... .......... 69% 81.6M 0s
  7900K .......... .......... .......... .......... .......... 70% 86.5M 0s
  7950K .......... .......... .......... .......... .......... 70% 81.3M 0s
  8000K .......... .......... .......... .......... .......... 71%  156M 0s
  8050K .......... .......... .......... .......... .......... 71% 37.9M 0s
  8100K .......... .......... .......... .......... .......... 72%  220M 0s
  8150K .......... .......... .......... .......... .......... 72% 32.2M 0s
  8200K .......... .......... .......... .......... .......... 73%  188M 0s
  8250K .......... .......... .......... .......... .......... 73%  127M 0s
  8300K .......... .......... .......... .......... .......... 73% 1.66M 0s
  8350K .......... .......... .......... .......... .......... 74%  217M 0s
  8400K .......... .......... .......... .......... .......... 74%  129M 0s
  8450K .......... .......... .......... .......... .......... 75% 77.8M 0s
  8500K .......... .......... .......... .......... .......... 75% 69.7M 0s
  8550K .......... .......... .......... .......... .......... 76% 80.8M 0s
  8600K .......... .......... .......... .......... .......... 76% 92.5M 0s
  8650K .......... .......... .......... .......... .......... 77%  129M 0s
  8700K .......... .......... .......... .......... .......... 77% 30.7M 0s
  8750K .......... .......... .......... .......... .......... 77%  220M 0s
  8800K .......... .......... .......... .......... .......... 78% 91.8M 0s
  8850K .......... .......... .......... .......... .......... 78% 44.4M 0s
  8900K .......... .......... .......... .......... .......... 79%  201M 0s
  8950K .......... .......... .......... .......... .......... 79%  147M 0s
  9000K .......... .......... .......... .......... .......... 80% 76.7M 0s
  9050K .......... .......... .......... .......... .......... 80% 91.1M 0s
  9100K .......... .......... .......... .......... .......... 81% 62.6M 0s
  9150K .......... .......... .......... .......... .......... 81%  201M 0s
  9200K .......... .......... .......... .......... .......... 81% 61.8M 0s
  9250K .......... .......... .......... .......... .......... 82% 86.4M 0s
  9300K .......... .......... .......... .......... .......... 82%  143M 0s
  9350K .......... .......... .......... .......... .......... 83% 58.1M 0s
  9400K .......... .......... .......... .......... .......... 83% 65.8M 0s
  9450K .......... .......... .......... .......... .......... 84% 78.5M 0s
  9500K .......... .......... .......... .......... .......... 84%  191M 0s
  9550K .......... .......... .......... .......... .......... 84%  129M 0s
  9600K .......... .......... .......... .......... .......... 85% 72.0M 0s
  9650K .......... .......... .......... .......... .......... 85% 74.5M 0s
  9700K .......... .......... .......... .......... .......... 86%  107M 0s
  9750K .......... .......... .......... .......... .......... 86%  112M 0s
  9800K .......... .......... .......... .......... .......... 87% 98.0M 0s
  9850K .......... .......... .......... .......... .......... 87% 88.3M 0s
  9900K .......... .......... .......... .......... .......... 88% 54.5M 0s
  9950K .......... .......... .......... .......... .......... 88%  238M 0s
 10000K .......... .......... .......... .......... .......... 88%  113M 0s
 10050K .......... .......... .......... .......... .......... 89%  126M 0s
 10100K .......... .......... .......... .......... .......... 89% 57.7M 0s
 10150K .......... .......... .......... .......... .......... 90%  133M 0s
 10200K .......... .......... .......... .......... .......... 90% 90.5M 0s
 10250K .......... .......... .......... .......... .......... 91%  227M 0s
 10300K .......... .......... .......... .......... .......... 91% 83.2M 0s
 10350K .......... .......... .......... .......... .......... 92% 75.0M 0s
 10400K .......... .......... .......... .......... .......... 92% 97.0M 0s
 10450K .......... .......... .......... .......... .......... 92% 83.0M 0s
 10500K .......... .......... .......... .......... .......... 93%  213M 0s
 10550K .......... .......... .......... .......... .......... 93% 45.7M 0s
 10600K .......... .......... .......... .......... .......... 94%  204M 0s
 10650K .......... .......... .......... .......... .......... 94% 95.8M 0s
 10700K .......... .......... .......... .......... .......... 95% 28.9M 0s
 10750K .......... .......... .......... .......... .......... 95%  113M 0s
 10800K .......... .......... .......... .......... .......... 96%  236M 0s
 10850K .......... .......... .......... .......... .......... 96%  237M 0s
 10900K .......... .......... .......... .......... .......... 96%  184M 0s
 10950K .......... .......... .......... .......... .......... 97%  237M 0s
 11000K .......... .......... .......... .......... .......... 97%  223M 0s
 11050K .......... .......... .......... .......... .......... 98%  111M 0s
 11100K .......... .......... .......... .......... .......... 98%  148M 0s
 11150K .......... .......... .......... .......... .......... 99%  122M 0s
 11200K .......... .......... .......... .......... .......... 99% 93.0M 0s
 11250K .......... .......... .......... .......... ....      100%  170M=0.3s

2023-08-21 06:41:33 (42.6 MB/s) - ‘/usr/local/bin/plantuml.jar’ saved [11565517/11565517]

fatal: destination path 'IPlantUML' already exists and is not an empty directory.
/opt/python/envs/default/lib/python3.8/site-packages/setuptools/config/setupcfg.py:293: _DeprecatedConfig: Deprecated config in `setup.cfg`
!!

        ********************************************************************************
        The license_file parameter is deprecated, use license_files instead.

        By 2023-Oct-30, you need to update your project and remove deprecated calls
        or your builds will no longer be supported.

        See https://setuptools.pypa.io/en/latest/userguide/declarative_config.html for details.
        ********************************************************************************

!!
  parsed = self.parsers.get(option_name, lambda x: x)(value)
usage: setup.py [global_opts] cmd1 [cmd1_opts] [cmd2 [cmd2_opts] ...]
   or: setup.py --help [cmd1 cmd2 ...]
   or: setup.py --help-commands
   or: setup.py cmd --help

error: invalid command 'iplantuml'
