
WARNING: apt does not have a stable CLI interface. Use with caution in scripts.


WARNING: apt does not have a stable CLI interface. Use with caution in scripts.

debconf: delaying package configuration, since apt-utils is not installed
--2023-08-21 10:39:58--  https://github.com/plantuml/plantuml/releases/download/v1.2023.10/plantuml-1.2023.10.jar
Resolving github.com (github.com)... 140.82.121.4
Connecting to github.com (github.com)|140.82.121.4|:443... connected.
HTTP request sent, awaiting response... 302 Found
Location: https://objects.githubusercontent.com/github-production-release-asset-2e65be/1051476/af098241-70b7-401c-87b7-3b68dd076e04?X-Amz-Algorithm=AWS4-HMAC-SHA256&X-Amz-Credential=AKIAIWNJYAX4CSVEH53A%2F20230821%2Fus-east-1%2Fs3%2Faws4_request&X-Amz-Date=20230821T103958Z&X-Amz-Expires=300&X-Amz-Signature=87b02a3fc24fc2296a724d3b66019a8d2c2b650aacc90eb7f95ab78e26d60147&X-Amz-SignedHeaders=host&actor_id=0&key_id=0&repo_id=1051476&response-content-disposition=attachment%3B%20filename%3Dplantuml-1.2023.10.jar&response-content-type=application%2Foctet-stream [following]
--2023-08-21 10:39:59--  https://objects.githubusercontent.com/github-production-release-asset-2e65be/1051476/af098241-70b7-401c-87b7-3b68dd076e04?X-Amz-Algorithm=AWS4-HMAC-SHA256&X-Amz-Credential=AKIAIWNJYAX4CSVEH53A%2F20230821%2Fus-east-1%2Fs3%2Faws4_request&X-Amz-Date=20230821T103958Z&X-Amz-Expires=300&X-Amz-Signature=87b02a3fc24fc2296a724d3b66019a8d2c2b650aacc90eb7f95ab78e26d60147&X-Amz-SignedHeaders=host&actor_id=0&key_id=0&repo_id=1051476&response-content-disposition=attachment%3B%20filename%3Dplantuml-1.2023.10.jar&response-content-type=application%2Foctet-stream
Resolving objects.githubusercontent.com (objects.githubusercontent.com)... 185.199.109.133, 185.199.110.133, 185.199.111.133, ...
Connecting to objects.githubusercontent.com (objects.githubusercontent.com)|185.199.109.133|:443... connected.
HTTP request sent, awaiting response... 200 OK
Length: 11565517 (11M) [application/octet-stream]
Saving to: ‘/usr/local/bin/plantuml.jar’

     0K .......... .......... .......... .......... ..........  0% 4.12M 3s
    50K .......... .......... .......... .......... ..........  0% 5.59M 2s
   100K .......... .......... .......... .......... ..........  1% 20.7M 2s
   150K .......... .......... .......... .......... ..........  1% 32.3M 1s
   200K .......... .......... .......... .......... ..........  2% 8.21M 1s
   250K .......... .......... .......... .......... ..........  2% 14.5M 1s
   300K .......... .......... .......... .......... ..........  3% 10.8M 1s
   350K .......... .......... .......... .......... ..........  3% 1.03M 2s
   400K .......... .......... .......... .......... ..........  3% 9.38M 2s
   450K .......... .......... .......... .......... ..........  4% 11.9M 2s
   500K .......... .......... .......... .......... ..........  4% 10.8M 2s
   550K .......... .......... .......... .......... ..........  5% 1.98M 2s
   600K .......... .......... .......... .......... ..........  5% 92.1M 2s
   650K .......... .......... .......... .......... ..........  6% 63.0M 2s
   700K .......... .......... .......... .......... ..........  6%  137M 2s
   750K .......... .......... .......... .......... ..........  7% 76.8M 2s
   800K .......... .......... .......... .......... ..........  7% 68.2M 2s
   850K .......... .......... .......... .......... ..........  7% 71.1M 1s
   900K .......... .......... .......... .......... ..........  8%  116M 1s
   950K .......... .......... .......... .......... ..........  8% 8.79M 1s
  1000K .......... .......... .......... .......... ..........  9%  102M 1s
  1050K .......... .......... .......... .......... ..........  9% 1.68M 2s
  1100K .......... .......... .......... .......... .......... 10% 17.9M 1s
  1150K .......... .......... .......... .......... .......... 10% 17.0M 1s
  1200K .......... .......... .......... .......... .......... 11% 16.6M 1s
  1250K .......... .......... .......... .......... .......... 11% 19.8M 1s
  1300K .......... .......... .......... .......... .......... 11% 25.6M 1s
  1350K .......... .......... .......... .......... .......... 12% 25.4M 1s
  1400K .......... .......... .......... .......... .......... 12% 25.7M 1s
  1450K .......... .......... .......... .......... .......... 13% 15.8M 1s
  1500K .......... .......... .......... .......... .......... 13% 27.1M 1s
  1550K .......... .......... .......... .......... .......... 14% 21.5M 1s
  1600K .......... .......... .......... .......... .......... 14% 26.7M 1s
  1650K .......... .......... .......... .......... .......... 15% 28.3M 1s
  1700K .......... .......... .......... .......... .......... 15% 23.9M 1s
  1750K .......... .......... .......... .......... .......... 15% 23.3M 1s
  1800K .......... .......... .......... .......... .......... 16% 26.9M 1s
  1850K .......... .......... .......... .......... .......... 16% 47.2M 1s
  1900K .......... .......... .......... .......... .......... 17% 19.1M 1s
  1950K .......... .......... .......... .......... .......... 17% 24.6M 1s
  2000K .......... .......... .......... .......... .......... 18% 28.6M 1s
  2050K .......... .......... .......... .......... .......... 18% 32.6M 1s
  2100K .......... .......... .......... .......... .......... 19% 40.4M 1s
  2150K .......... .......... .......... .......... .......... 19% 22.7M 1s
  2200K .......... .......... .......... .......... .......... 19%  233M 1s
  2250K .......... .......... .......... .......... .......... 20% 21.6M 1s
  2300K .......... .......... .......... .......... .......... 20% 7.71M 1s
  2350K .......... .......... .......... .......... .......... 21%  182M 1s
  2400K .......... .......... .......... .......... .......... 21%  243M 1s
  2450K .......... .......... .......... .......... .......... 22%  248M 1s
  2500K .......... .......... .......... .......... .......... 22% 1.85M 1s
  2550K .......... .......... .......... .......... .......... 23% 17.8M 1s
  2600K .......... .......... .......... .......... .......... 23%  222M 1s
  2650K .......... .......... .......... .......... .......... 23% 24.4M 1s
  2700K .......... .......... .......... .......... .......... 24% 50.0M 1s
  2750K .......... .......... .......... .......... .......... 24% 48.0M 1s
  2800K .......... .......... .......... .......... .......... 25% 27.6M 1s
  2850K .......... .......... .......... .......... .......... 25% 40.7M 1s
  2900K .......... .......... .......... .......... .......... 26% 82.6M 1s
  2950K .......... .......... .......... .......... .......... 26% 29.6M 1s
  3000K .......... .......... .......... .......... .......... 27% 37.9M 1s
  3050K .......... .......... .......... .......... .......... 27% 62.6M 1s
  3100K .......... .......... .......... .......... .......... 27% 36.1M 1s
  3150K .......... .......... .......... .......... .......... 28% 63.4M 1s
  3200K .......... .......... .......... .......... .......... 28% 42.3M 1s
  3250K .......... .......... .......... .......... .......... 29% 44.9M 1s
  3300K .......... .......... .......... .......... .......... 29% 37.3M 1s
  3350K .......... .......... .......... .......... .......... 30% 38.1M 1s
  3400K .......... .......... .......... .......... .......... 30% 59.6M 1s
  3450K .......... .......... .......... .......... .......... 30% 61.5M 1s
  3500K .......... .......... .......... .......... .......... 31% 33.5M 1s
  3550K .......... .......... .......... .......... .......... 31% 48.3M 1s
  3600K .......... .......... .......... .......... .......... 32% 41.9M 1s
  3650K .......... .......... .......... .......... .......... 32% 54.6M 1s
  3700K .......... .......... .......... .......... .......... 33% 59.2M 1s
  3750K .......... .......... .......... .......... .......... 33% 60.5M 1s
  3800K .......... .......... .......... .......... .......... 34% 29.2M 1s
  3850K .......... .......... .......... .......... .......... 34% 72.5M 1s
  3900K .......... .......... .......... .......... .......... 34% 42.4M 1s
  3950K .......... .......... .......... .......... .......... 35%  127M 1s
  4000K .......... .......... .......... .......... .......... 35% 40.6M 0s
  4050K .......... .......... .......... .......... .......... 36% 50.7M 0s
  4100K .......... .......... .......... .......... .......... 36% 29.4M 0s
  4150K .......... .......... .......... .......... .......... 37%  227M 0s
  4200K .......... .......... .......... .......... .......... 37% 61.1M 0s
  4250K .......... .......... .......... .......... .......... 38%  105M 0s
  4300K .......... .......... .......... .......... .......... 38% 35.2M 0s
  4350K .......... .......... .......... .......... .......... 38%  229M 0s
  4400K .......... .......... .......... .......... .......... 39% 51.4M 0s
  4450K .......... .......... .......... .......... .......... 39% 41.7M 0s
  4500K .......... .......... .......... .......... .......... 40% 28.1M 0s
  4550K .......... .......... .......... .......... .......... 40% 47.9M 0s
  4600K .......... .......... .......... .......... .......... 41%  117M 0s
  4650K .......... .......... .......... .......... .......... 41%  240M 0s
  4700K .......... .......... .......... .......... .......... 42% 73.4M 0s
  4750K .......... .......... .......... .......... .......... 42% 43.8M 0s
  4800K .......... .......... .......... .......... .......... 42%  240M 0s
  4850K .......... .......... .......... .......... .......... 43% 89.1M 0s
  4900K .......... .......... .......... .......... .......... 43% 36.3M 0s
  4950K .......... .......... .......... .......... .......... 44% 47.9M 0s
  5000K .......... .......... .......... .......... .......... 44%  144M 0s
  5050K .......... .......... .......... .......... .......... 45% 46.1M 0s
  5100K .......... .......... .......... .......... .......... 45%  214M 0s
  5150K .......... .......... .......... .......... .......... 46% 48.4M 0s
  5200K .......... .......... .......... .......... .......... 46% 68.3M 0s
  5250K .......... .......... .......... .......... .......... 46% 60.0M 0s
  5300K .......... .......... .......... .......... .......... 47%  233M 0s
  5350K .......... .......... .......... .......... .......... 47% 1.79M 0s
  5400K .......... .......... .......... .......... .......... 48%  235M 0s
  5450K .......... .......... .......... .......... .......... 48% 40.7M 0s
  5500K .......... .......... .......... .......... .......... 49% 44.9M 0s
  5550K .......... .......... .......... .......... .......... 49%  111M 0s
  5600K .......... .......... .......... .......... .......... 50%  147M 0s
  5650K .......... .......... .......... .......... .......... 50% 52.3M 0s
  5700K .......... .......... .......... .......... .......... 50% 54.3M 0s
  5750K .......... .......... .......... .......... .......... 51%  197M 0s
  5800K .......... .......... .......... .......... .......... 51%  221M 0s
  5850K .......... .......... .......... .......... .......... 52% 58.0M 0s
  5900K .......... .......... .......... .......... .......... 52% 80.9M 0s
  5950K .......... .......... .......... .......... .......... 53% 37.9M 0s
  6000K .......... .......... .......... .......... .......... 53% 85.2M 0s
  6050K .......... .......... .......... .......... .......... 54%  198M 0s
  6100K .......... .......... .......... .......... .......... 54% 68.1M 0s
  6150K .......... .......... .......... .......... .......... 54% 91.3M 0s
  6200K .......... .......... .......... .......... .......... 55% 51.6M 0s
  6250K .......... .......... .......... .......... .......... 55%  242M 0s
  6300K .......... .......... .......... .......... .......... 56% 45.4M 0s
  6350K .......... .......... .......... .......... .......... 56%  139M 0s
  6400K .......... .......... .......... .......... .......... 57% 33.8M 0s
  6450K .......... .......... .......... .......... .......... 57%  209M 0s
  6500K .......... .......... .......... .......... .......... 57%  219M 0s
  6550K .......... .......... .......... .......... .......... 58%  135M 0s
  6600K .......... .......... .......... .......... .......... 58% 37.1M 0s
  6650K .......... .......... .......... .......... .......... 59%  170M 0s
  6700K .......... .......... .......... .......... .......... 59%  242M 0s
  6750K .......... .......... .......... .......... .......... 60% 85.8M 0s
  6800K .......... .......... .......... .......... .......... 60%  143M 0s
  6850K .......... .......... .......... .......... .......... 61%  119M 0s
  6900K .......... .......... .......... .......... .......... 61% 54.5M 0s
  6950K .......... .......... .......... .......... .......... 61%  170M 0s
  7000K .......... .......... .......... .......... .......... 62%  127M 0s
  7050K .......... .......... .......... .......... .......... 62% 80.4M 0s
  7100K .......... .......... .......... .......... .......... 63% 62.2M 0s
  7150K .......... .......... .......... .......... .......... 63% 85.6M 0s
  7200K .......... .......... .......... .......... .......... 64%  155M 0s
  7250K .......... .......... .......... .......... .......... 64% 70.0M 0s
  7300K .......... .......... .......... .......... .......... 65% 78.9M 0s
  7350K .......... .......... .......... .......... .......... 65%  163M 0s
  7400K .......... .......... .......... .......... .......... 65% 55.3M 0s
  7450K .......... .......... .......... .......... .......... 66%  197M 0s
  7500K .......... .......... .......... .......... .......... 66%  186M 0s
  7550K .......... .......... .......... .......... .......... 67% 57.0M 0s
  7600K .......... .......... .......... .......... .......... 67% 85.4M 0s
  7650K .......... .......... .......... .......... .......... 68%  125M 0s
  7700K .......... .......... .......... .......... .......... 68% 63.1M 0s
  7750K .......... .......... .......... .......... .......... 69%  118M 0s
  7800K .......... .......... .......... .......... .......... 69% 55.7M 0s
  7850K .......... .......... .......... .......... .......... 69%  239M 0s
  7900K .......... .......... .......... .......... .......... 70% 42.3M 0s
  7950K .......... .......... .......... .......... .......... 70%  226M 0s
  8000K .......... .......... .......... .......... .......... 71% 72.8M 0s
  8050K .......... .......... .......... .......... .......... 71% 37.7M 0s
  8100K .......... .......... .......... .......... .......... 72% 43.9M 0s
  8150K .......... .......... .......... .......... .......... 72% 90.7M 0s
  8200K .......... .......... .......... .......... .......... 73% 30.2M 0s
  8250K .......... .......... .......... .......... .......... 73%  219M 0s
  8300K .......... .......... .......... .......... .......... 73% 53.6M 0s
  8350K .......... .......... .......... .......... .......... 74%  244M 0s
  8400K .......... .......... .......... .......... .......... 74% 51.0M 0s
  8450K .......... .......... .......... .......... .......... 75% 32.8M 0s
  8500K .......... .......... .......... .......... .......... 75% 57.1M 0s
  8550K .......... .......... .......... .......... .......... 76% 53.1M 0s
  8600K .......... .......... .......... .......... .......... 76%  195M 0s
  8650K .......... .......... .......... .......... .......... 77% 42.5M 0s
  8700K .......... .......... .......... .......... .......... 77% 51.5M 0s
  8750K .......... .......... .......... .......... .......... 77% 50.8M 0s
  8800K .......... .......... .......... .......... .......... 78% 47.8M 0s
  8850K .......... .......... .......... .......... .......... 78% 28.3M 0s
  8900K .......... .......... .......... .......... .......... 79%  230M 0s
  8950K .......... .......... .......... .......... .......... 79%  226M 0s
  9000K .......... .......... .......... .......... .......... 80% 63.9M 0s
  9050K .......... .......... .......... .......... .......... 80% 52.4M 0s
  9100K .......... .......... .......... .......... .......... 81%  201M 0s
  9150K .......... .......... .......... .......... .......... 81% 82.2M 0s
  9200K .......... .......... .......... .......... .......... 81% 71.6M 0s
  9250K .......... .......... .......... .......... .......... 82% 45.4M 0s
  9300K .......... .......... .......... .......... .......... 82% 50.5M 0s
  9350K .......... .......... .......... .......... .......... 83%  228M 0s
  9400K .......... .......... .......... .......... .......... 83% 59.5M 0s
  9450K .......... .......... .......... .......... .......... 84% 1.79M 0s
  9500K .......... .......... .......... .......... .......... 84%  225M 0s
  9550K .......... .......... .......... .......... .......... 84% 71.9M 0s
  9600K .......... .......... .......... .......... .......... 85% 91.9M 0s
  9650K .......... .......... .......... .......... .......... 85% 39.8M 0s
  9700K .......... .......... .......... .......... .......... 86%  114M 0s
  9750K .......... .......... .......... .......... .......... 86% 37.6M 0s
  9800K .......... .......... .......... .......... .......... 87%  143M 0s
  9850K .......... .......... .......... .......... .......... 87%  186M 0s
  9900K .......... .......... .......... .......... .......... 88% 54.9M 0s
  9950K .......... .......... .......... .......... .......... 88% 67.5M 0s
 10000K .......... .......... .......... .......... .......... 88% 59.1M 0s
 10050K .......... .......... .......... .......... .......... 89%  236M 0s
 10100K .......... .......... .......... .......... .......... 89% 56.4M 0s
 10150K .......... .......... .......... .......... .......... 90%  106M 0s
 10200K .......... .......... .......... .......... .......... 90% 54.9M 0s
 10250K .......... .......... .......... .......... .......... 91%  142M 0s
 10300K .......... .......... .......... .......... .......... 91%  129M 0s
 10350K .......... .......... .......... .......... .......... 92% 75.9M 0s
 10400K .......... .......... .......... .......... .......... 92% 63.6M 0s
 10450K .......... .......... .......... .......... .......... 92% 55.9M 0s
 10500K .......... .......... .......... .......... .......... 93%  131M 0s
 10550K .......... .......... .......... .......... .......... 93% 66.9M 0s
 10600K .......... .......... .......... .......... .......... 94% 90.6M 0s
 10650K .......... .......... .......... .......... .......... 94%  141M 0s
 10700K .......... .......... .......... .......... .......... 95% 46.1M 0s
 10750K .......... .......... .......... .......... .......... 95%  113M 0s
 10800K .......... .......... .......... .......... .......... 96%  130M 0s
 10850K .......... .......... .......... .......... .......... 96% 73.5M 0s
 10900K .......... .......... .......... .......... .......... 96% 89.5M 0s
 10950K .......... .......... .......... .......... .......... 97%  115M 0s
 11000K .......... .......... .......... .......... .......... 97%  129M 0s
 11050K .......... .......... .......... .......... .......... 98% 54.4M 0s
 11100K .......... .......... .......... .......... .......... 98%  127M 0s
 11150K .......... .......... .......... .......... .......... 99% 53.9M 0s
 11200K .......... .......... .......... .......... .......... 99%  122M 0s
 11250K .......... .......... .......... .......... ....      100% 55.8M=0.4s

2023-08-21 10:39:59 (25.7 MB/s) - ‘/usr/local/bin/plantuml.jar’ saved [11565517/11565517]

fatal: destination path 'IPlantUML' already exists and is not an empty directory.
/opt/python/envs/default/lib/python3.8/site-packages/setuptools/config/setupcfg.py:293: _DeprecatedConfig: Deprecated config in `setup.cfg`
!!

        ********************************************************************************
        The license_file parameter is deprecated, use license_files instead.

        By 2023-Oct-30, you need to update your project and remove deprecated calls
        or your builds will no longer be supported.

        See https://setuptools.pypa.io/en/latest/userguide/declarative_config.html for details.
        ********************************************************************************

!!
  parsed = self.parsers.get(option_name, lambda x: x)(value)
usage: setup.py [global_opts] cmd1 [cmd1_opts] [cmd2 [cmd2_opts] ...]
   or: setup.py --help [cmd1 cmd2 ...]
   or: setup.py --help-commands
   or: setup.py cmd --help

error: invalid command 'iplantuml'
